#
# There is insufficient memory for the Java Runtime Environment to continue.
# Native memory allocation (malloc) failed to allocate 32744 bytes for ChunkPool::allocate
# Possible reasons:
#   The system is out of physical RAM or swap space
#   In 32 bit mode, the process size limit was hit
# Possible solutions:
#   Reduce memory load on the system
#   Increase physical memory or swap space
#   Check if swap backing store is full
#   Use 64 bit Java on a 64 bit OS
#   Decrease Java heap size (-Xmx/-Xms)
#   Decrease number of Java threads
#   Decrease Java thread stack sizes (-Xss)
#   Set larger code cache with -XX:ReservedCodeCacheSize=
# This output file may be truncated or incomplete.
#
#  Out of Memory Error (allocation.cpp:273), pid=12292, tid=13784
#
# JRE version: Java(TM) SE Runtime Environment (8.0_73-b02) (build 1.8.0_73-b02)
# Java VM: Java HotSpot(TM) 64-Bit Server VM (25.73-b02 mixed mode windows-amd64 compressed oops)
# Failed to write core dump. Minidumps are not enabled by default on client versions of Windows
#

---------------  T H R E A D  ---------------

Current thread (0x00000000150bc000):  JavaThread "C2 CompilerThread0" daemon [_thread_in_native, id=13784, stack(0x0000000016730000,0x0000000016830000)]

Stack: [0x0000000016730000,0x0000000016830000]
[error occurred during error reporting (printing stack bounds), id 0xc0000005]

Native frames: (J=compiled Java code, j=interpreted, Vv=VM code, C=native code)


Current CompileTask:
C2:   4548 1452   !   4       java.net.URLClassLoader$1::run (63 bytes)


---------------  P R O C E S S  ---------------

Java Threads: ( => current thread )
  0x0000000017c67000 JavaThread "Stdin handler" [_thread_blocked, id=13584, stack(0x0000000019390000,0x0000000019490000)]
  0x0000000017c56000 JavaThread "Daemon worker" [_thread_in_native, id=9900, stack(0x0000000019270000,0x0000000019370000)]
  0x0000000017c53000 JavaThread "Cancel handler" [_thread_blocked, id=9120, stack(0x0000000019170000,0x0000000019270000)]
  0x0000000017ba7000 JavaThread "Handler for socket connection from /127.0.0.1:61620 to /127.0.0.1:61621" [_thread_in_native, id=10664, stack(0x0000000019070000,0x0000000019170000)]
  0x0000000017bbd800 JavaThread "Daemon" [_thread_blocked, id=16836, stack(0x0000000018f70000,0x0000000019070000)]
  0x0000000017c3a800 JavaThread "Incoming local TCP Connector on port 61620" [_thread_in_native, id=8612, stack(0x0000000018b40000,0x0000000018c40000)]
  0x0000000016a58000 JavaThread "Service Thread" daemon [_thread_blocked, id=10904, stack(0x0000000016e30000,0x0000000016f30000)]
  0x00000000150c8000 JavaThread "C1 CompilerThread2" daemon [_thread_blocked, id=16616, stack(0x0000000016930000,0x0000000016a30000)]
  0x00000000150c1800 JavaThread "C2 CompilerThread1" daemon [_thread_in_native, id=5184, stack(0x0000000016830000,0x0000000016930000)]
=>0x00000000150bc000 JavaThread "C2 CompilerThread0" daemon [_thread_in_native, id=13784, stack(0x0000000016730000,0x0000000016830000)]
  0x00000000150ba000 JavaThread "Attach Listener" daemon [_thread_blocked, id=12472, stack(0x0000000016630000,0x0000000016730000)]
  0x00000000150b8800 JavaThread "Signal Dispatcher" daemon [_thread_blocked, id=16180, stack(0x0000000016530000,0x0000000016630000)]
  0x00000000029e8000 JavaThread "Finalizer" daemon [_thread_blocked, id=11732, stack(0x0000000016340000,0x0000000016440000)]
  0x00000000029df000 JavaThread "Reference Handler" daemon [_thread_blocked, id=2212, stack(0x0000000016240000,0x0000000016340000)]
  0x00000000028ee800 JavaThread "main" [_thread_blocked, id=10372, stack(0x0000000002780000,0x0000000002880000)]

Other Threads:
  0x0000000015088000 VMThread [stack: 0x0000000016140000,0x0000000016240000] [id=6624]
  0x0000000016a5c800 WatcherThread [stack: 0x0000000016f30000,0x0000000017030000] [id=908]

VM state:not at safepoint (normal execution)

VM Mutex/Monitor currently owned by a thread: None

Heap:
 PSYoungGen      total 38400K, used 20582K [0x00000000eab00000, 0x00000000ed580000, 0x0000000100000000)
  eden space 33280K, 46% used [0x00000000eab00000,0x00000000eba206c0,0x00000000ecb80000)
  from space 5120K, 99% used [0x00000000ed080000,0x00000000ed579398,0x00000000ed580000)
  to   space 5120K, 0% used [0x00000000ecb80000,0x00000000ecb80000,0x00000000ed080000)
 ParOldGen       total 87552K, used 1704K [0x00000000c0000000, 0x00000000c5580000, 0x00000000eab00000)
  object space 87552K, 1% used [0x00000000c0000000,0x00000000c01aa0c8,0x00000000c5580000)
 Metaspace       used 16535K, capacity 16906K, committed 17024K, reserved 1064960K
  class space    used 2217K, capacity 2319K, committed 2432K, reserved 1048576K

Card table byte_map: [0x0000000011db0000,0x0000000011fc0000] byte_map_base: 0x00000000117b0000

Marking Bits: (ParMarkBitMap*) 0x000000005f8b0600
 Begin Bits: [0x0000000012520000, 0x0000000013520000)
 End Bits:   [0x0000000013520000, 0x0000000014520000)

Polling page: 0x0000000000b60000

CodeCache: size=245760Kb used=4866Kb max_used=4866Kb free=240893Kb
 bounds [0x00000000029f0000, 0x0000000002ec0000, 0x00000000119f0000]
 total_blobs=1824 nmethods=1452 adapters=284
 compilation: enabled

Compilation events (10 events):
Event: 4.469 Thread 0x00000000150c8000 1450       3       java.io.ExpiringCache::entryFor (57 bytes)
Event: 4.470 Thread 0x00000000150c8000 nmethod 1450 0x0000000002ea42d0 code [0x0000000002ea4460, 0x0000000002ea49b8]
Event: 4.473 Thread 0x00000000150c1800 1451       4       java.net.URLClassLoader$1::run (5 bytes)
Event: 4.473 Thread 0x00000000150bc000 1452   !   4       java.net.URLClassLoader$1::run (63 bytes)
Event: 4.475 Thread 0x00000000150c8000 1453   !   3       sun.misc.URLClassPath$JarLoader::getResource (349 bytes)
Event: 4.478 Thread 0x00000000150c8000 nmethod 1453 0x0000000002eb0250 code [0x0000000002eb06a0, 0x0000000002eb27c8]
Event: 4.478 Thread 0x00000000150c8000 1454       3       sun.misc.JarIndex::get (49 bytes)
Event: 4.478 Thread 0x00000000150c8000 nmethod 1454 0x0000000002eaba10 code [0x0000000002eabbe0, 0x0000000002eac458]
Event: 4.490 Thread 0x00000000150c8000 1455       3       sun.net.util.URLUtil::urlNoFragString (114 bytes)
Event: 4.492 Thread 0x00000000150c8000 nmethod 1455 0x0000000002ea9b90 code [0x0000000002ea9e20, 0x0000000002eab2e8]

GC Heap History (4 events):
Event: 1.356 GC heap before
{Heap before GC invocations=1 (full 0):
 PSYoungGen      total 38400K, used 33280K [0x00000000eab00000, 0x00000000ed580000, 0x0000000100000000)
  eden space 33280K, 100% used [0x00000000eab00000,0x00000000ecb80000,0x00000000ecb80000)
  from space 5120K, 0% used [0x00000000ed080000,0x00000000ed080000,0x00000000ed580000)
  to   space 5120K, 0% used [0x00000000ecb80000,0x00000000ecb80000,0x00000000ed080000)
 ParOldGen       total 87552K, used 0K [0x00000000c0000000, 0x00000000c5580000, 0x00000000eab00000)
  object space 87552K, 0% used [0x00000000c0000000,0x00000000c0000000,0x00000000c5580000)
 Metaspace       used 6833K, capacity 7088K, committed 7168K, reserved 1056768K
  class space    used 887K, capacity 960K, committed 1024K, reserved 1048576K
Event: 1.362 GC heap after
Heap after GC invocations=1 (full 0):
 PSYoungGen      total 38400K, used 4473K [0x00000000eab00000, 0x00000000ed580000, 0x0000000100000000)
  eden space 33280K, 0% used [0x00000000eab00000,0x00000000eab00000,0x00000000ecb80000)
  from space 5120K, 87% used [0x00000000ecb80000,0x00000000ecfde668,0x00000000ed080000)
  to   space 5120K, 0% used [0x00000000ed080000,0x00000000ed080000,0x00000000ed580000)
 ParOldGen       total 87552K, used 16K [0x00000000c0000000, 0x00000000c5580000, 0x00000000eab00000)
  object space 87552K, 0% used [0x00000000c0000000,0x00000000c0004000,0x00000000c5580000)
 Metaspace       used 6833K, capacity 7088K, committed 7168K, reserved 1056768K
  class space    used 887K, capacity 960K, committed 1024K, reserved 1048576K
}
Event: 3.844 GC heap before
{Heap before GC invocations=2 (full 0):
 PSYoungGen      total 38400K, used 37753K [0x00000000eab00000, 0x00000000ed580000, 0x0000000100000000)
  eden space 33280K, 100% used [0x00000000eab00000,0x00000000ecb80000,0x00000000ecb80000)
  from space 5120K, 87% used [0x00000000ecb80000,0x00000000ecfde668,0x00000000ed080000)
  to   space 5120K, 0% used [0x00000000ed080000,0x00000000ed080000,0x00000000ed580000)
 ParOldGen       total 87552K, used 16K [0x00000000c0000000, 0x00000000c5580000, 0x00000000eab00000)
  object space 87552K, 0% used [0x00000000c0000000,0x00000000c0004000,0x00000000c5580000)
 Metaspace       used 13259K, capacity 13610K, committed 13696K, reserved 1060864K
  class space    used 1767K, capacity 1903K, committed 1920K, reserved 1048576K
Event: 3.853 GC heap after
Heap after GC invocations=2 (full 0):
 PSYoungGen      total 38400K, used 5092K [0x00000000eab00000, 0x00000000ed580000, 0x0000000100000000)
  eden space 33280K, 0% used [0x00000000eab00000,0x00000000eab00000,0x00000000ecb80000)
  from space 5120K, 99% used [0x00000000ed080000,0x00000000ed579398,0x00000000ed580000)
  to   space 5120K, 0% used [0x00000000ecb80000,0x00000000ecb80000,0x00000000ed080000)
 ParOldGen       total 87552K, used 1704K [0x00000000c0000000, 0x00000000c5580000, 0x00000000eab00000)
  object space 87552K, 1% used [0x00000000c0000000,0x00000000c01aa0c8,0x00000000c5580000)
 Metaspace       used 13259K, capacity 13610K, committed 13696K, reserved 1060864K
  class space    used 1767K, capacity 1903K, committed 1920K, reserved 1048576K
}

Deoptimization events (10 events):
Event: 2.824 Thread 0x0000000017c56000 Uncommon trap: reason=class_check action=maybe_recompile pc=0x0000000002c3ad1c method=java.util.HashMap.putVal(ILjava/lang/Object;Ljava/lang/Object;ZZ)Ljava/lang/Object; @ 203
Event: 2.825 Thread 0x0000000017c56000 Uncommon trap: reason=bimorphic action=maybe_recompile pc=0x0000000002c3ace8 method=java.util.HashMap.putVal(ILjava/lang/Object;Ljava/lang/Object;ZZ)Ljava/lang/Object; @ 253
Event: 2.825 Thread 0x0000000017c56000 Uncommon trap: reason=bimorphic action=maybe_recompile pc=0x0000000002c3ace8 method=java.util.HashMap.putVal(ILjava/lang/Object;Ljava/lang/Object;ZZ)Ljava/lang/Object; @ 253
Event: 2.825 Thread 0x0000000017c56000 Uncommon trap: reason=bimorphic action=maybe_recompile pc=0x0000000002c34438 method=java.util.HashMap.putVal(ILjava/lang/Object;Ljava/lang/Object;ZZ)Ljava/lang/Object; @ 253
Event: 3.296 Thread 0x0000000017c56000 Uncommon trap: reason=class_check action=maybe_recompile pc=0x0000000002c4ff58 method=java.util.HashMap.putVal(ILjava/lang/Object;Ljava/lang/Object;ZZ)Ljava/lang/Object; @ 203
Event: 3.296 Thread 0x0000000017c56000 Uncommon trap: reason=bimorphic action=maybe_recompile pc=0x0000000002df16d8 method=java.util.HashMap.putVal(ILjava/lang/Object;Ljava/lang/Object;ZZ)Ljava/lang/Object; @ 203
Event: 3.296 Thread 0x0000000017c56000 Uncommon trap: reason=bimorphic action=maybe_recompile pc=0x0000000002df16d8 method=java.util.HashMap.putVal(ILjava/lang/Object;Ljava/lang/Object;ZZ)Ljava/lang/Object; @ 203
Event: 3.296 Thread 0x0000000017c56000 Uncommon trap: reason=bimorphic action=maybe_recompile pc=0x0000000002df0794 method=java.util.HashMap.putVal(ILjava/lang/Object;Ljava/lang/Object;ZZ)Ljava/lang/Object; @ 203
Event: 4.020 Thread 0x0000000017c56000 Uncommon trap: reason=unstable_if action=reinterpret pc=0x0000000002ca0dd0 method=java.util.HashMap.getNode(ILjava/lang/Object;)Ljava/util/HashMap$Node; @ 129
Event: 4.021 Thread 0x0000000017c56000 Uncommon trap: reason=unstable_if action=reinterpret pc=0x0000000002c7b438 method=java.util.HashMap.getNode(ILjava/lang/Object;)Ljava/util/HashMap$Node; @ 129

Internal exceptions (10 events):
Event: 4.140 Thread 0x0000000017c56000 Exception <a 'java/lang/ClassNotFoundException': groovy/lang/ExpandoMetaClassBeanInfo> (0x00000000eafada88) thrown at [D:\re\puppet\workspace\8-2-build-windows-amd64-cygwin\jdk8u73\6086\hotspot\src\share\vm\classfile\systemDictionary.cpp, line 210]
Event: 4.140 Thread 0x0000000017c56000 Exception <a 'java/lang/ClassNotFoundException': groovy/lang/MetaClassImplBeanInfo> (0x00000000eafb82a0) thrown at [D:\re\puppet\workspace\8-2-build-windows-amd64-cygwin\jdk8u73\6086\hotspot\src\share\vm\classfile\systemDictionary.cpp, line 210]
Event: 4.140 Thread 0x0000000017c56000 Exception <a 'java/lang/ClassNotFoundException': java/lang/ObjectBeanInfo> (0x00000000eafbd048) thrown at [D:\re\puppet\workspace\8-2-build-windows-amd64-cygwin\jdk8u73\6086\hotspot\src\share\vm\classfile\systemDictionary.cpp, line 210]
Event: 4.141 Thread 0x0000000017c56000 Exception <a 'java/lang/ClassNotFoundException': java/lang/ObjectCustomizer> (0x00000000eafc1f38) thrown at [D:\re\puppet\workspace\8-2-build-windows-amd64-cygwin\jdk8u73\6086\hotspot\src\share\vm\classfile\systemDictionary.cpp, line 210]
Event: 4.144 Thread 0x0000000017c56000 Exception <a 'java/lang/ClassNotFoundException': groovy/lang/MetaClassImplCustomizer> (0x00000000eafd44b0) thrown at [D:\re\puppet\workspace\8-2-build-windows-amd64-cygwin\jdk8u73\6086\hotspot\src\share\vm\classfile\systemDictionary.cpp, line 210]
Event: 4.146 Thread 0x0000000017c56000 Exception <a 'java/lang/ClassNotFoundException': groovy/lang/ExpandoMetaClassCustomizer> (0x00000000eb007f00) thrown at [D:\re\puppet\workspace\8-2-build-windows-amd64-cygwin\jdk8u73\6086\hotspot\src\share\vm\classfile\systemDictionary.cpp, line 210]
Event: 4.156 Thread 0x0000000017c56000 Exception <a 'java/lang/ClassNotFoundException': org/gradle/api/internal/plugins/DefaultExtraPropertiesExtensionBeanInfo> (0x00000000eb087878) thrown at [D:\re\puppet\workspace\8-2-build-windows-amd64-cygwin\jdk8u73\6086\hotspot\src\share\vm\classfile\syst∂ #E†@
Event: 4.157 Thread 0x0000000017c56000 Exception <a 'java/lang/ClassNotFoundException': groovy/lang/GroovyObjectSupportBeanInfo> (0x00000000eb093190) thrown at [D:\re\puppet\workspace\8-2-build-windows-amd64-cygwin\jdk8u73\6086\hotspot\src\share\vm\classfile\systemDictionary.cpp, line 210]
Event: 4.157 Thread 0x0000000017c56000 Exception <a 'java/lang/ClassNotFoundException': groovy/lang/GroovyObjectSupportCustomizer> (0x00000000eb09ee10) thrown at [D:\re\puppet\workspace\8-2-build-windows-amd64-cygwin\jdk8u73\6086\hotspot\src\share\vm\classfile\systemDictionary.cpp, line 210]
Event: 4.158 Thread 0x0000000017c56000 Exception <a 'java/lang/ClassNotFoundException': org/gradle/api/internal/plugins/DefaultExtraPropertiesExtensionCustomizer> (0x00000000eb0b4a70) thrown at [D:\re\puppet\workspace\8-2-build-windows-amd64-cygwin\jdk8u73\6086\hotspot\src\share\vm\classfile\syﬂ	 Œè@

Events (10 events):
Event: 4.502 loading class org/gradle/internal/resource/transfer/ExternalResourceAccessor
Event: 4.502 loading class org/gradle/internal/resource/transfer/ExternalResourceAccessor done
Event: 4.502 loading class org/gradle/internal/resource/transport/http/HttpResponseResource
Event: 4.502 loading class org/gradle/internal/resource/transport/http/HttpResponseResource done
Event: 4.503 loading class org/gradle/internal/resource/transfer/ExternalResourceReadResponse
Event: 4.503 loading class org/gradle/internal/resource/transfer/ExternalResourceReadResponse done
Event: 4.503 loading class org/gradle/internal/resource/transport/http/HttpResourceAccessor$1
Event: 4.503 loading class org/gradle/internal/resource/transport/http/HttpResourceAccessor$1 done
Event: 4.503 loading class com/google/gson/JsonIOException
Event: 4.503 loading class com/google/gson/JsonIOException done


Dynamic libraries:
0x00007ff63b370000 - 0x00007ff63b3a7000 	C:\Program Files\Java\jdk1.8.0_73\bin\java.exe
0x00007ffd5c000000 - 0x00007ffd5c1d1000 	C:\WINDOWS\SYSTEM32\ntdll.dll
0x00007ffd5bf50000 - 0x00007ffd5bffb000 	C:\WINDOWS\System32\KERNEL32.DLL
0x00007ffd59370000 - 0x00007ffd5958d000 	C:\WINDOWS\System32\KERNELBASE.dll
0x00007ffd5b9a0000 - 0x00007ffd5ba42000 	C:\WINDOWS\System32\ADVAPI32.dll
0x00007ffd5bd60000 - 0x00007ffd5bdfe000 	C:\WINDOWS\System32\msvcrt.dll
0x00007ffd59660000 - 0x00007ffd596b9000 	C:\WINDOWS\System32\sechost.dll
0x00007ffd59970000 - 0x00007ffd59a91000 	C:\WINDOWS\System32\RPCRT4.dll
0x00007ffd596c0000 - 0x00007ffd59825000 	C:\WINDOWS\System32\USER32.dll
0x00007ffd589f0000 - 0x00007ffd58a0e000 	C:\WINDOWS\System32\win32u.dll
0x00007ffd5bb80000 - 0x00007ffd5bbb4000 	C:\WINDOWS\System32\GDI32.dll
0x00007ffd587b0000 - 0x00007ffd58932000 	C:\WINDOWS\System32\gdi32full.dll
0x00007ffd4c310000 - 0x00007ffd4c589000 	C:\WINDOWS\WinSxS\amd64_microsoft.windows.common-controls_6595b64144ccf1df_6.0.14393.0_none_2d0f50fcbdb171b8\COMCTL32.dll
0x00007ffd59aa0000 - 0x00007ffd59d67000 	C:\WINDOWS\System32\combase.dll
0x00007ffd586b0000 - 0x00007ffd587a5000 	C:\WINDOWS\System32\ucrtbase.dll
0x00007ffd58640000 - 0x00007ffd586aa000 	C:\WINDOWS\System32\bcryptPrimitives.dll
0x00007ffd5ba50000 - 0x00007ffd5ba7e000 	C:\WINDOWS\System32\IMM32.DLL
0x000000005ebe0000 - 0x000000005ecb2000 	C:\Program Files\Java\jdk1.8.0_73\jre\bin\msvcr100.dll
0x000000005f0a0000 - 0x000000005f930000 	C:\Program Files\Java\jdk1.8.0_73\jre\bin\server\jvm.dll
0x00007ffd59650000 - 0x00007ffd59658000 	C:\WINDOWS\System32\PSAPI.DLL
0x00007ffd56690000 - 0x00007ffd566b3000 	C:\WINDOWS\SYSTEM32\WINMM.dll
0x00007ffd43f40000 - 0x00007ffd43f49000 	C:\WINDOWS\SYSTEM32\WSOCK32.dll
0x00007ffd4d2f0000 - 0x00007ffd4d2fa000 	C:\WINDOWS\SYSTEM32\VERSION.dll
0x00007ffd5bee0000 - 0x00007ffd5bf4a000 	C:\WINDOWS\System32\WS2_32.dll
0x0000000000b30000 - 0x0000000000b5b000 	C:\WINDOWS\SYSTEM32\WINMMBASE.dll
0x00007ffd58590000 - 0x00007ffd585d2000 	C:\WINDOWS\System32\cfgmgr32.dll
0x000000005f090000 - 0x000000005f09f000 	C:\Program Files\Java\jdk1.8.0_73\jre\bin\verify.dll
0x000000005f060000 - 0x000000005f089000 	C:\Program Files\Java\jdk1.8.0_73\jre\bin\java.dll
0x000000005f040000 - 0x000000005f056000 	C:\Program Files\Java\jdk1.8.0_73\jre\bin\zip.dll
0x00007ffd59d70000 - 0x00007ffd5b278000 	C:\WINDOWS\System32\SHELL32.dll
0x00007ffd58c90000 - 0x00007ffd5936a000 	C:\WINDOWS\System32\windows.storage.dll
0x00007ffd58540000 - 0x00007ffd5858c000 	C:\WINDOWS\System32\powrprof.dll
0x00007ffd5b6b0000 - 0x00007ffd5b702000 	C:\WINDOWS\System32\shlwapi.dll
0x00007ffd58530000 - 0x00007ffd5853f000 	C:\WINDOWS\System32\kernel.appcore.dll
0x00007ffd58a10000 - 0x00007ffd58ab9000 	C:\WINDOWS\System32\shcore.dll
0x00007ffd58500000 - 0x00007ffd58514000 	C:\WINDOWS\System32\profapi.dll
0x000000005f020000 - 0x000000005f03a000 	C:\Program Files\Java\jdk1.8.0_73\jre\bin\net.dll
0x00007ffd57ad0000 - 0x00007ffd57b2c000 	C:\WINDOWS\system32\mswsock.dll
0x000000005f000000 - 0x000000005f011000 	C:\Program Files\Java\jdk1.8.0_73\jre\bin\nio.dll
0x00007ffd45d70000 - 0x00007ffd45d82000 	C:\Users\stenio\.gradle\native\19\windows-amd64\native-platform.dll
0x00007ffd57860000 - 0x00007ffd57898000 	C:\WINDOWS\SYSTEM32\IPHLPAPI.DLL
0x00007ffd5b710000 - 0x00007ffd5b718000 	C:\WINDOWS\System32\NSI.dll
0x00007ffd51440000 - 0x00007ffd51456000 	C:\WINDOWS\SYSTEM32\dhcpcsvc6.DLL
0x00007ffd51420000 - 0x00007ffd5143a000 	C:\WINDOWS\SYSTEM32\dhcpcsvc.DLL
0x00007ffd582e0000 - 0x00007ffd582f7000 	C:\WINDOWS\SYSTEM32\CRYPTSP.dll
0x00007ffd576e0000 - 0x00007ffd57713000 	C:\WINDOWS\system32\rsaenh.dll
0x00007ffd582b0000 - 0x00007ffd582db000 	C:\WINDOWS\SYSTEM32\bcrypt.dll
0x00007ffd578b0000 - 0x00007ffd578cf000 	C:\WINDOWS\SYSTEM32\USERENV.dll
0x00007ffd57c70000 - 0x00007ffd57c7b000 	C:\WINDOWS\SYSTEM32\CRYPTBASE.dll

VM Arguments:
jvm_args: -XX:MaxPermSize=256m -XX:+HeapDumpOnOutOfMemoryError -Xmx1024m -Dfile.encoding=windows-1252 -Duser.country=US -Duser.language=en -Duser.variant 
java_command: org.gradle.launcher.daemon.bootstrap.GradleDaemon 2.10
java_class_path (initial): C:\Program Files\Android\Android Studio\gradle\gradle-2.10\lib\gradle-launcher-2.10.jar
Launcher Type: SUN_STANDARD

Environment Variables:
PATH=C:\ProgramData\Oracle\Java\javapath;C:\WINDOWS\system32;C:\Program Files\Common Files\Intel\WirelessCommon\;C:\Miniconda3;C:\Miniconda3\Scripts;C:\typesafe-activator;C:\Program Files (x86)\Skype\Phone\;C:\Users\stenio\Desktop\apache\apache-ant-1.9.6\bin;C:\Program Files\Git\cmd;C:\Program Files\Git\mingw64\bin;C:\Program Files\Git\usr\bin;C:\Program Files (x86)\VideoLAN\VLC;C:\Program Files\nodejs;C:\Ruby22-x64\bin;C:\Program Files (x86)\mosml\bin;C:\php7;C:\ProgramData\ComposerSetup\bin;C:\Program Files\Java\jdk1.8.0_73\bin;C:\wamp\bin\mysql\mysql5.6.17\bin;C:\WINDOWS\system32\config\systemprofile\.dnx\bin;C:\Program Files\Microsoft DNX\Dnvm\;C:\Program Files\Microsoft SQL Server\130\Tools\Binn\;C:\Users\stenio\AppData\Local\Android\sdk\platform-tools;C:\Program Files\erl7.3\bin;C:\WINDOWS\system32;C:\WINDOWS;C:\WINDOWS\System32\Wbem;C:\WINDOWS\System32\WindowsPowerShell\v1.0\;C:\Users\stenio\AppData\Roaming\npm;C:\Program Files\Intel\WiFi\bin\;C:\Program Files\Common Files\Intel\WirelessCommon\;C:\Users\stenio\AppData\Roaming\Composer\vendor\bin;%USERPROFILE%\AppData\Local\Microsoft\WindowsApps;
USERNAME=stenio
OS=Windows_NT
PROCESSOR_IDENTIFIER=Intel64 Family 6 Model 69 Stepping 1, GenuineIntel



---------------  S Y S T E M  ---------------

OS: Windows 10.0 , 64 bit Build 14393 (10.0.14393.0)

CPU:total 4 (2 cores per cpu, 2 threads per core) family 6 model 69 stepping 1, cmov, cx8, fxsr, mmx, sse, sse2, sse3, ssse3, sse4.1, sse4.2, popcnt, avx, avx2, aes, clmul, erms, lzcnt, ht, tsc, tscinvbit, bmi1, bmi2

Memory: 4k page, physical 8307672k(2041856k free), swap 8819672k(18556k free)

vm_info: Java HotSpot(TM) 64-Bit Server VM (25.73-b02) for windows-amd64 JRE (1.8.0_73-b02), built on Jan 29 2016 17:38:49 by "java_re" with MS VC++ 10.0 (VS2010)

time: Wed Aug 24 20:15:30 2016
elapsed time: 4 seconds (0d 0h 0m 4s)

